<?xml version="1.0" encoding="UTF-8"?>
<!-- Generated by org.testng.reporters.JUnitReportReporter -->
<testsuite hostname="DESKTOP-25A5VGP" failures="0" tests="1" name="mega.nz.FirstTest" time="12.496" errors="0" timestamp="2022-09-16T22:11:47 CEST" skipped="0">
  <testcase classname="mega.nz.FirstTest" name="assertFunction" time="12.496"/>
  <system-out/>
</testsuite> <!-- mega.nz.FirstTest -->
